Generated at 2017-06-19 23:27:36 -0700
Mixlib::ShellOut::ShellCommandFailed: powershell_script[Install TaskSchedulerTestApp] (Artifact::install_nuget_package line 37) had an error: Mixlib::ShellOut::ShellCommandFailed: Expected process to exit with [0], but received '1'
---- Begin output of "C:\Windows\system32\WindowsPowerShell\v1.0\powershell.exe" -NoLogo -NonInteractive -NoProfile -ExecutionPolicy Bypass -InputFormat None -File "C:/Users/HIMANS~1/AppData/Local/Temp/chef-script20170619-4844-1bnqcx1.ps1" ----
STDOUT: 
STDERR: Could not load type '<>c__DisplayClass4_0' from assembly 'NuGet, Version=3.4.3.855, Culture=neutral, PublicKeyToken=31bf3856ad364e35' because the format is invalid.
---- End output of "C:\Windows\system32\WindowsPowerShell\v1.0\powershell.exe" -NoLogo -NonInteractive -NoProfile -ExecutionPolicy Bypass -InputFormat None -File "C:/Users/HIMANS~1/AppData/Local/Temp/chef-script20170619-4844-1bnqcx1.ps1" ----
Ran "C:\Windows\system32\WindowsPowerShell\v1.0\powershell.exe" -NoLogo -NonInteractive -NoProfile -ExecutionPolicy Bypass -InputFormat None -File "C:/Users/HIMANS~1/AppData/Local/Temp/chef-script20170619-4844-1bnqcx1.ps1" returned 1
C:/opscode/chef/embedded/lib/ruby/gems/2.1.0/gems/mixlib-shellout-2.2.6-universal-mingw32/lib/mixlib/shellout.rb:289:in `invalid!'
C:/opscode/chef/embedded/lib/ruby/gems/2.1.0/gems/mixlib-shellout-2.2.6-universal-mingw32/lib/mixlib/shellout.rb:276:in `error!'
C:/opscode/chef/embedded/lib/ruby/gems/2.1.0/gems/chef-12.11.18-universal-mingw32/lib/chef/mixin/shell_out.rb:45:in `shell_out!'
C:/opscode/chef/embedded/lib/ruby/gems/2.1.0/gems/chef-12.11.18-universal-mingw32/lib/chef/provider/execute.rb:62:in `block in action_run'
C:/opscode/chef/embedded/lib/ruby/gems/2.1.0/gems/chef-12.11.18-universal-mingw32/lib/chef/mixin/why_run.rb:52:in `add_action'
C:/opscode/chef/embedded/lib/ruby/gems/2.1.0/gems/chef-12.11.18-universal-mingw32/lib/chef/provider.rb:176:in `converge_by'
C:/opscode/chef/embedded/lib/ruby/gems/2.1.0/gems/chef-12.11.18-universal-mingw32/lib/chef/provider/execute.rb:60:in `action_run'
C:/opscode/chef/embedded/lib/ruby/gems/2.1.0/gems/chef-12.11.18-universal-mingw32/lib/chef/provider/script.rb:63:in `action_run'
C:/opscode/chef/embedded/lib/ruby/gems/2.1.0/gems/chef-12.11.18-universal-mingw32/lib/chef/provider/windows_script.rb:54:in `action_run'
C:/opscode/chef/embedded/lib/ruby/gems/2.1.0/gems/chef-12.11.18-universal-mingw32/lib/chef/provider/powershell_script.rb:35:in `action_run'
C:/opscode/chef/embedded/lib/ruby/gems/2.1.0/gems/chef-12.11.18-universal-mingw32/lib/chef/provider.rb:145:in `run_action'
C:/opscode/chef/embedded/lib/ruby/gems/2.1.0/gems/chef-12.11.18-universal-mingw32/lib/chef/resource.rb:591:in `run_action'
C:/opscode/chef/embedded/lib/ruby/gems/2.1.0/gems/chef-12.11.18-universal-mingw32/lib/chef/runner.rb:69:in `run_action'
C:/opscode/chef/embedded/lib/ruby/gems/2.1.0/gems/chef-12.11.18-universal-mingw32/lib/chef/runner.rb:97:in `block (2 levels) in converge'
C:/opscode/chef/embedded/lib/ruby/gems/2.1.0/gems/chef-12.11.18-universal-mingw32/lib/chef/runner.rb:97:in `each'
C:/opscode/chef/embedded/lib/ruby/gems/2.1.0/gems/chef-12.11.18-universal-mingw32/lib/chef/runner.rb:97:in `block in converge'
C:/opscode/chef/embedded/lib/ruby/gems/2.1.0/gems/chef-12.11.18-universal-mingw32/lib/chef/resource_collection/resource_list.rb:94:in `block in execute_each_resource'
C:/opscode/chef/embedded/lib/ruby/gems/2.1.0/gems/chef-12.11.18-universal-mingw32/lib/chef/resource_collection/stepable_iterator.rb:116:in `call'
C:/opscode/chef/embedded/lib/ruby/gems/2.1.0/gems/chef-12.11.18-universal-mingw32/lib/chef/resource_collection/stepable_iterator.rb:116:in `call_iterator_block'
C:/opscode/chef/embedded/lib/ruby/gems/2.1.0/gems/chef-12.11.18-universal-mingw32/lib/chef/resource_collection/stepable_iterator.rb:85:in `step'
C:/opscode/chef/embedded/lib/ruby/gems/2.1.0/gems/chef-12.11.18-universal-mingw32/lib/chef/resource_collection/stepable_iterator.rb:104:in `iterate'
C:/opscode/chef/embedded/lib/ruby/gems/2.1.0/gems/chef-12.11.18-universal-mingw32/lib/chef/resource_collection/stepable_iterator.rb:55:in `each_with_index'
C:/opscode/chef/embedded/lib/ruby/gems/2.1.0/gems/chef-12.11.18-universal-mingw32/lib/chef/resource_collection/resource_list.rb:92:in `execute_each_resource'
C:/opscode/chef/embedded/lib/ruby/gems/2.1.0/gems/chef-12.11.18-universal-mingw32/lib/chef/runner.rb:96:in `converge'
C:/opscode/chef/embedded/lib/ruby/gems/2.1.0/gems/chef-12.11.18-universal-mingw32/lib/chef/client.rb:669:in `block in converge'
C:/opscode/chef/embedded/lib/ruby/gems/2.1.0/gems/chef-12.11.18-universal-mingw32/lib/chef/client.rb:664:in `catch'
C:/opscode/chef/embedded/lib/ruby/gems/2.1.0/gems/chef-12.11.18-universal-mingw32/lib/chef/client.rb:664:in `converge'
C:/opscode/chef/embedded/lib/ruby/gems/2.1.0/gems/chef-12.11.18-universal-mingw32/lib/chef/client.rb:703:in `converge_and_save'
C:/opscode/chef/embedded/lib/ruby/gems/2.1.0/gems/chef-12.11.18-universal-mingw32/lib/chef/client.rb:283:in `run'
C:/opscode/chef/embedded/lib/ruby/gems/2.1.0/gems/chef-12.11.18-universal-mingw32/lib/chef/application.rb:268:in `run_with_graceful_exit_option'
C:/opscode/chef/embedded/lib/ruby/gems/2.1.0/gems/chef-12.11.18-universal-mingw32/lib/chef/application.rb:244:in `block in run_chef_client'
C:/opscode/chef/embedded/lib/ruby/gems/2.1.0/gems/chef-12.11.18-universal-mingw32/lib/chef/local_mode.rb:44:in `with_server_connectivity'
C:/opscode/chef/embedded/lib/ruby/gems/2.1.0/gems/chef-12.11.18-universal-mingw32/lib/chef/application.rb:227:in `run_chef_client'
C:/opscode/chef/embedded/lib/ruby/gems/2.1.0/gems/chef-12.11.18-universal-mingw32/lib/chef/application/client.rb:456:in `sleep_then_run_chef_client'
C:/opscode/chef/embedded/lib/ruby/gems/2.1.0/gems/chef-12.11.18-universal-mingw32/lib/chef/application/client.rb:443:in `block in interval_run_chef_client'
C:/opscode/chef/embedded/lib/ruby/gems/2.1.0/gems/chef-12.11.18-universal-mingw32/lib/chef/application/client.rb:442:in `loop'
C:/opscode/chef/embedded/lib/ruby/gems/2.1.0/gems/chef-12.11.18-universal-mingw32/lib/chef/application/client.rb:442:in `interval_run_chef_client'
C:/opscode/chef/embedded/lib/ruby/gems/2.1.0/gems/chef-12.11.18-universal-mingw32/lib/chef/application/client.rb:426:in `run_application'
C:/opscode/chef/embedded/lib/ruby/gems/2.1.0/gems/chef-12.11.18-universal-mingw32/lib/chef/application.rb:59:in `run'
C:/opscode/chef/embedded/lib/ruby/gems/2.1.0/gems/chef-12.11.18-universal-mingw32/lib/chef/application/solo.rb:217:in `run'
C:/opscode/chef/embedded/lib/ruby/gems/2.1.0/gems/chef-12.11.18-universal-mingw32/bin/chef-solo:25:in `<top (required)>'
C:/opscode/chef/bin/chef-solo:62:in `load'
C:/opscode/chef/bin/chef-solo:62:in `<main>'